TN:
SF:src\Trabalho01Turma01.js
FN:2,(anonymous_0)
FN:6,(anonymous_1)
FN:13,(anonymous_2)
FN:14,(anonymous_3)
FN:17,(anonymous_4)
FN:18,(anonymous_5)
FN:21,(anonymous_6)
FN:22,(anonymous_7)
FN:28,(anonymous_8)
FN:32,(anonymous_9)
FN:36,(anonymous_10)
FN:43,(anonymous_11)
FN:44,(anonymous_12)
FN:47,(anonymous_13)
FN:48,(anonymous_14)
FN:51,(anonymous_15)
FN:52,(anonymous_16)
FN:55,(anonymous_17)
FN:56,(anonymous_18)
FN:59,(anonymous_19)
FN:67,(anonymous_20)
FN:70,(anonymous_21)
FN:74,(anonymous_22)
FN:75,(anonymous_23)
FN:78,(anonymous_24)
FN:79,(anonymous_25)
FN:82,(anonymous_26)
FN:89,(anonymous_27)
FN:90,(anonymous_28)
FN:93,(anonymous_29)
FN:94,(anonymous_30)
FN:97,(anonymous_31)
FN:98,(anonymous_32)
FN:103,(anonymous_33)
FN:110,(anonymous_34)
FN:111,(anonymous_35)
FN:114,(anonymous_36)
FN:115,(anonymous_37)
FNF:38
FNH:36
FNDA:22,(anonymous_0)
FNDA:38,(anonymous_1)
FNDA:1,(anonymous_2)
FNDA:1,(anonymous_3)
FNDA:19,(anonymous_4)
FNDA:20,(anonymous_5)
FNDA:1,(anonymous_6)
FNDA:1,(anonymous_7)
FNDA:8,(anonymous_8)
FNDA:1,(anonymous_9)
FNDA:5,(anonymous_10)
FNDA:2,(anonymous_11)
FNDA:4,(anonymous_12)
FNDA:2,(anonymous_13)
FNDA:4,(anonymous_14)
FNDA:1,(anonymous_15)
FNDA:2,(anonymous_16)
FNDA:2,(anonymous_17)
FNDA:4,(anonymous_18)
FNDA:4,(anonymous_19)
FNDA:1,(anonymous_20)
FNDA:1,(anonymous_21)
FNDA:2,(anonymous_22)
FNDA:4,(anonymous_23)
FNDA:0,(anonymous_24)
FNDA:0,(anonymous_25)
FNDA:1,(anonymous_26)
FNDA:3,(anonymous_27)
FNDA:9,(anonymous_28)
FNDA:2,(anonymous_29)
FNDA:6,(anonymous_30)
FNDA:1,(anonymous_31)
FNDA:2,(anonymous_32)
FNDA:1,(anonymous_33)
FNDA:1,(anonymous_34)
FNDA:2,(anonymous_35)
FNDA:1,(anonymous_36)
FNDA:4,(anonymous_37)
DA:3,22
DA:7,38
DA:8,1
DA:10,37
DA:14,1
DA:18,20
DA:22,1
DA:23,1
DA:24,1
DA:29,8
DA:33,1
DA:37,5
DA:38,5
DA:39,5
DA:44,4
DA:48,4
DA:52,2
DA:56,4
DA:60,4
DA:61,4
DA:62,4
DA:63,4
DA:68,1
DA:69,1
DA:70,1
DA:75,4
DA:79,0
DA:83,1
DA:84,1
DA:85,1
DA:90,9
DA:94,6
DA:98,1
DA:99,2
DA:104,1
DA:105,1
DA:106,1
DA:111,2
DA:115,4
DA:119,1
LF:40
LH:39
BRDA:7,0,0,1
BRDA:7,0,1,37
BRDA:23,1,0,1
BRDA:23,1,1,0
BRDA:38,2,0,5
BRDA:38,2,1,0
BRDA:61,3,0,4
BRDA:61,3,1,0
BRDA:62,4,0,4
BRDA:62,4,1,0
BRDA:69,5,0,1
BRDA:69,5,1,0
BRDA:69,6,0,1
BRDA:69,6,1,1
BRDA:75,7,0,4
BRDA:75,7,1,4
BRDA:84,8,0,1
BRDA:84,8,1,0
BRDA:105,9,0,1
BRDA:105,9,1,0
BRF:20
BRH:13
end_of_record
TN:
SF:src\banco.js
FN:2,(anonymous_0)
FN:9,(anonymous_1)
FN:16,(anonymous_2)
FN:26,(anonymous_3)
FN:33,(anonymous_4)
FN:38,(anonymous_5)
FN:43,(anonymous_6)
FN:48,(anonymous_7)
FN:56,(anonymous_8)
FN:64,(anonymous_9)
FN:71,(anonymous_10)
FN:73,(anonymous_11)
FN:74,(anonymous_12)
FNF:13
FNH:5
FNDA:8,(anonymous_0)
FNDA:2,(anonymous_1)
FNDA:3,(anonymous_2)
FNDA:1,(anonymous_3)
FNDA:4,(anonymous_4)
FNDA:0,(anonymous_5)
FNDA:0,(anonymous_6)
FNDA:0,(anonymous_7)
FNDA:0,(anonymous_8)
FNDA:0,(anonymous_9)
FNDA:0,(anonymous_10)
FNDA:0,(anonymous_11)
FNDA:0,(anonymous_12)
DA:3,8
DA:4,8
DA:5,8
DA:10,2
DA:11,2
DA:12,2
DA:17,3
DA:18,1
DA:20,2
DA:21,2
DA:22,2
DA:27,1
DA:28,1
DA:29,1
DA:34,4
DA:39,0
DA:44,0
DA:49,0
DA:50,0
DA:52,0
DA:57,0
DA:58,0
DA:59,0
DA:60,0
DA:65,0
DA:66,0
DA:67,0
DA:72,0
DA:73,0
DA:74,0
DA:79,1
LF:31
LH:16
BRDA:2,0,0,4
BRDA:17,1,0,1
BRDA:17,1,1,2
BRDA:49,2,0,0
BRDA:49,2,1,0
BRF:5
BRH:3
end_of_record
